17:34:25.151 INFO   tests.TestBase    ### Start testloginPositiveTest
17:34:25.159 INFO   manager.MyListener  Start searching element byBy.xpath: //a[.='Logout']
17:34:35.229 INFO   manager.MyListener  The element with locator byBy.xpath: //a[.='Logout']is found successfully
17:34:35.235 INFO   tests.TestBase  regPositiveTest starts with:test2075@mail.ru & Qwer1234$
17:34:35.235 INFO   manager.MyListener  Start searching element byBy.xpath: //a[.=' Log in ']
17:34:35.266 INFO   manager.MyListener  The element with locator byBy.xpath: //a[.=' Log in ']is found successfully
17:34:35.427 INFO   manager.MyListener  Start searching element byBy.id: email
17:34:35.467 INFO   manager.MyListener  The element with locator byBy.id: emailis found successfully
17:34:35.895 INFO   manager.MyListener  Start searching element byBy.id: password
17:34:35.928 INFO   manager.MyListener  The element with locator byBy.id: passwordis found successfully
17:34:36.319 INFO   manager.MyListener  Start searching element byBy.cssSelector: [type='submit']
17:34:36.368 INFO   manager.MyListener  The element with locator byBy.cssSelector: [type='submit']is found successfully
17:34:36.458 INFO   manager.MyListener  Start searching element byBy.xpath: //h2[.='Logged in success']
17:34:46.541 INFO   manager.MyListener  Something went wrong!
17:34:46.542 INFO   manager.MyListener  no such element: Unable to locate element: {"method":"xpath","selector":"//h2[.='Logged in success']"}
  (Session info: chrome=110.0.5481.178)
For documentation on this error, please visit: https://www.seleniumhq.org/exceptions/no_such_element.html
Build info: version: '3.141.59', revision: 'e82be7d358', time: '2018-11-14T08:17:03'
System info: host: 'DESKTOP-2844N9K', ip: '10.0.0.11', os.name: 'Windows 10', os.arch: 'amd64', os.version: '10.0', java.version: '1.8.0_333'
Driver info: org.openqa.selenium.chrome.ChromeDriver
Capabilities {acceptInsecureCerts: false, browserName: chrome, browserVersion: 110.0.5481.178, chrome: {chromedriverVersion: 110.0.5481.77 (65ed616c6e8e..., userDataDir: C:\Users\User\AppData\Local...}, goog:chromeOptions: {debuggerAddress: localhost:50433}, javascriptEnabled: true, networkConnectionEnabled: false, pageLoadStrategy: normal, platform: WINDOWS, platformName: WINDOWS, proxy: Proxy(), setWindowRect: true, strictFileInteractability: false, timeouts: {implicit: 0, pageLoad: 300000, script: 30000}, unhandledPromptBehavior: dismiss and notify, webauthn:extension:credBlob: true, webauthn:extension:largeBlob: true, webauthn:virtualAuthenticators: true}
Session ID: 16044b5181bfb26963bdf05718dc9ccb
*** Element info: {Using=xpath, value=//h2[.='Logged in success']}
17:34:46.542 INFO   manager.MyListener  org.openqa.selenium.NoSuchElementException: no such element: Unable to locate element: {"method":"xpath","selector":"//h2[.='Logged in success']"}
  (Session info: chrome=110.0.5481.178)
For documentation on this error, please visit: https://www.seleniumhq.org/exceptions/no_such_element.html
Build info: version: '3.141.59', revision: 'e82be7d358', time: '2018-11-14T08:17:03'
System info: host: 'DESKTOP-2844N9K', ip: '10.0.0.11', os.name: 'Windows 10', os.arch: 'amd64', os.version: '10.0', java.version: '1.8.0_333'
Driver info: org.openqa.selenium.chrome.ChromeDriver
Capabilities {acceptInsecureCerts: false, browserName: chrome, browserVersion: 110.0.5481.178, chrome: {chromedriverVersion: 110.0.5481.77 (65ed616c6e8e..., userDataDir: C:\Users\User\AppData\Local...}, goog:chromeOptions: {debuggerAddress: localhost:50433}, javascriptEnabled: true, networkConnectionEnabled: false, pageLoadStrategy: normal, platform: WINDOWS, platformName: WINDOWS, proxy: Proxy(), setWindowRect: true, strictFileInteractability: false, timeouts: {implicit: 0, pageLoad: 300000, script: 30000}, unhandledPromptBehavior: dismiss and notify, webauthn:extension:credBlob: true, webauthn:extension:largeBlob: true, webauthn:virtualAuthenticators: true}
Session ID: 16044b5181bfb26963bdf05718dc9ccb
*** Element info: {Using=xpath, value=//h2[.='Logged in success']}
17:34:46.899 INFO   manager.MyListener  Here is the link to screenshot with error:src/test/screenShots/screen - 2086.png
17:34:46.903 INFO   manager.MyListener  Start searching element byBy.xpath: //button[.='Ok']
17:34:46.952 INFO   manager.MyListener  The element with locator byBy.xpath: //button[.='Ok']is found successfully
17:34:46.953 INFO   manager.MyListener  Start searching element byBy.xpath: //button[.='Ok']
17:34:46.987 INFO   manager.MyListener  The element with locator byBy.xpath: //button[.='Ok']is found successfully
17:34:47.062 INFO   tests.TestBase     ### Finished ###
